<?xml version="1.0" encoding="UTF-8"?>
<!-- Generated by org.testng.reporters.JUnitXMLReporter -->
<testsuite ignored="2" hostname="DESKTOP-LELPU88" failures="0" tests="1" name="Default test" time="18.353" errors="0" timestamp="2022-11-04T20:28:24 IST">
  <testcase classname="com.crm.qa.testcases.ContactsPageTest" name="ContactsPageTitleTest" time="0.052"/>
  <testcase classname="com.crm.qa.testcases.ContactsPageTest" name="NameLabelTest" time="0.0">
    <ignored/>
  </testcase> <!-- NameLabelTest -->
  <testcase classname="com.crm.qa.testcases.ContactsPageTest" name="createNewContactTest" time="0.0">
    <ignored/>
  </testcase> <!-- createNewContactTest -->
</testsuite> <!-- Default test -->
