<?xml version="1.0" encoding="UTF-8"?>
<testng-results ignored="2" total="3" passed="1" failed="0" skipped="0">
  <reporter-output>
  </reporter-output>
  <suite started-at="2022-11-04T20:28:05 IST" name="Default suite" finished-at="2022-11-04T20:28:24 IST" duration-ms="18353">
    <groups>
    </groups>
    <test started-at="2022-11-04T20:28:05 IST" name="Default test" finished-at="2022-11-04T20:28:24 IST" duration-ms="18353">
      <class name="com.crm.qa.testcases.ContactsPageTest">
        <test-method is-config="true" signature="SetUp()[pri:0, instance:com.crm.qa.testcases.ContactsPageTest@2a3b5b47]" started-at="2022-11-04T20:28:05 IST" name="SetUp" finished-at="2022-11-04T20:28:23 IST" duration-ms="17360" status="PASS">
          <reporter-output>
          </reporter-output>
        </test-method> <!-- SetUp -->
        <test-method signature="ContactsPageTitleTest()[pri:1, instance:com.crm.qa.testcases.ContactsPageTest@2a3b5b47]" started-at="2022-11-04T20:28:23 IST" name="ContactsPageTitleTest" finished-at="2022-11-04T20:28:23 IST" duration-ms="52" status="PASS">
          <reporter-output>
          </reporter-output>
        </test-method> <!-- ContactsPageTitleTest -->
        <test-method is-config="true" signature="tearDown()[pri:0, instance:com.crm.qa.testcases.ContactsPageTest@2a3b5b47]" started-at="2022-11-04T20:28:23 IST" name="tearDown" finished-at="2022-11-04T20:28:24 IST" duration-ms="840" status="PASS">
          <reporter-output>
          </reporter-output>
        </test-method> <!-- tearDown -->
      </class> <!-- com.crm.qa.testcases.ContactsPageTest -->
    </test> <!-- Default test -->
  </suite> <!-- Default suite -->
</testng-results>
